<?xml version="1.0" encoding="UTF-8"?>
<!-- Generated by org.testng.reporters.JUnitXMLReporter -->
<testsuite ignored="0" hostname="MONO-HYD-LAP397" failures="1" tests="5" name="com.breakin.web.automation.testcases.E_2_E_Fuctionality_When_Canveyance_Applicable" time="22.358" errors="0" timestamp="2023-11-21T13:12:50 IST">
  <testcase classname="com.breakin.web.automation.testcases.E_2_E_Fuctionality_When_Canveyance_Applicable" name="assignCaseToSurveyor" time="20.067">
    <failure type="java.lang.AssertionError" message="Expected condition failed: waiting for visibility of Proxy element for: DefaultElementLocator &amp;apos;By.id: username&amp;apos; (tried for 10 second(s) with 500 milliseconds interval)">
      <![CDATA[java.lang.AssertionError: Expected condition failed: waiting for visibility of Proxy element for: DefaultElementLocator 'By.id: username' (tried for 10 second(s) with 500 milliseconds interval)
at com.breakin.web.automation.base.BasePage.reportFail(BasePage.java:219)
at com.breakin.web.automation.base.BasePage.verifyElementisVisible(BasePage.java:261)
at com.breakin.web.automation.pages.LoginPage.enterUserName(LoginPage.java:43)
at com.breakin.web.automation.testcases.E_2_E_Fuctionality_When_Canveyance_Applicable.assignCaseToSurveyor(E_2_E_Fuctionality_When_Canveyance_Applicable.java:29)
at java.base/java.util.ArrayList.forEach(ArrayList.java:1511)
... Removed 28 stack frames]]>
    </failure>
  </testcase> <!-- assignCaseToSurveyor -->
  <testcase classname="com.breakin.web.automation.testcases.E_2_E_Fuctionality_When_Canveyance_Applicable" name="applyConveyance" time="0.001">
    <skipped/>
  </testcase> <!-- applyConveyance -->
  <testcase classname="com.breakin.web.automation.testcases.E_2_E_Fuctionality_When_Canveyance_Applicable" name="approvalConveyance" time="0.0">
    <skipped/>
  </testcase> <!-- approvalConveyance -->
  <testcase classname="com.breakin.web.automation.testcases.E_2_E_Fuctionality_When_Canveyance_Applicable" name="agencyInspection" time="0.0">
    <skipped/>
  </testcase> <!-- agencyInspection -->
  <testcase classname="com.breakin.web.automation.testcases.E_2_E_Fuctionality_When_Canveyance_Applicable" name="approvalCase" time="0.0">
    <skipped/>
  </testcase> <!-- approvalCase -->
</testsuite> <!-- com.breakin.web.automation.testcases.E_2_E_Fuctionality_When_Canveyance_Applicable -->
